<?xml version="1.0" encoding="UTF-8"?>
<testng-results ignored="0" total="1" passed="1" failed="0" skipped="0">
  <reporter-output>
  </reporter-output>
  <suite started-at="2024-12-16T11:53:25 IST" name="Default suite" finished-at="2024-12-16T11:54:19 IST" duration-ms="53999">
    <groups>
    </groups>
    <test started-at="2024-12-16T11:53:25 IST" name="Default test" finished-at="2024-12-16T11:54:19 IST" duration-ms="53999">
      <class name="tests.BlazingDemoTest">
        <test-method is-config="true" signature="setUp()[pri:0, instance:tests.BlazingDemoTest@175c2241]" started-at="2024-12-16T11:53:25 IST" name="setUp" finished-at="2024-12-16T11:53:30 IST" duration-ms="5248" status="PASS">
          <reporter-output>
          </reporter-output>
        </test-method> <!-- setUp -->
        <test-method signature="testBlazingDemo()[pri:0, instance:tests.BlazingDemoTest@175c2241]" started-at="2024-12-16T11:53:30 IST" name="testBlazingDemo" finished-at="2024-12-16T11:54:18 IST" duration-ms="47709" status="PASS">
          <reporter-output>
          </reporter-output>
        </test-method> <!-- testBlazingDemo -->
        <test-method is-config="true" signature="close()[pri:0, instance:tests.BlazingDemoTest@175c2241]" started-at="2024-12-16T11:54:18 IST" name="close" finished-at="2024-12-16T11:54:19 IST" duration-ms="1003" status="PASS">
          <reporter-output>
          </reporter-output>
        </test-method> <!-- close -->
      </class> <!-- tests.BlazingDemoTest -->
    </test> <!-- Default test -->
  </suite> <!-- Default suite -->
</testng-results>
